27-Nov-2020 09:39:05.644 INFO [main] org.apache.catalina.core.ApplicationContext.log ContextListener: contextInitialized()
27-Nov-2020 09:39:05.644 INFO [main] org.apache.catalina.core.ApplicationContext.log SessionListener: contextInitialized()
27-Nov-2020 09:39:05.645 INFO [main] org.apache.catalina.core.ApplicationContext.log ContextListener: attributeAdded('StockTicker', 'async.Stockticker@10d68fcd')
27-Nov-2020 09:39:05.807 INFO [main] org.apache.catalina.core.ApplicationContext.log SessionListener: contextDestroyed()
27-Nov-2020 09:39:05.807 INFO [main] org.apache.catalina.core.ApplicationContext.log ContextListener: contextDestroyed()
27-Nov-2020 09:40:06.895 INFO [main] org.apache.catalina.core.ApplicationContext.log ContextListener: contextInitialized()
27-Nov-2020 09:40:06.895 INFO [main] org.apache.catalina.core.ApplicationContext.log SessionListener: contextInitialized()
27-Nov-2020 09:40:06.896 INFO [main] org.apache.catalina.core.ApplicationContext.log ContextListener: attributeAdded('StockTicker', 'async.Stockticker@117e949d')
27-Nov-2020 09:40:07.051 INFO [main] org.apache.catalina.core.ApplicationContext.log SessionListener: contextDestroyed()
27-Nov-2020 09:40:07.051 INFO [main] org.apache.catalina.core.ApplicationContext.log ContextListener: contextDestroyed()
27-Nov-2020 09:40:16.265 INFO [main] org.apache.catalina.core.ApplicationContext.log ContextListener: contextInitialized()
27-Nov-2020 09:40:16.265 INFO [main] org.apache.catalina.core.ApplicationContext.log SessionListener: contextInitialized()
27-Nov-2020 09:40:16.266 INFO [main] org.apache.catalina.core.ApplicationContext.log ContextListener: attributeAdded('StockTicker', 'async.Stockticker@117e949d')
27-Nov-2020 09:40:16.418 INFO [main] org.apache.catalina.core.ApplicationContext.log SessionListener: contextDestroyed()
27-Nov-2020 09:40:16.418 INFO [main] org.apache.catalina.core.ApplicationContext.log ContextListener: contextDestroyed()
27-Nov-2020 09:40:20.447 INFO [main] org.apache.catalina.core.ApplicationContext.log ContextListener: contextInitialized()
27-Nov-2020 09:40:20.447 INFO [main] org.apache.catalina.core.ApplicationContext.log SessionListener: contextInitialized()
27-Nov-2020 09:40:20.448 INFO [main] org.apache.catalina.core.ApplicationContext.log ContextListener: attributeAdded('StockTicker', 'async.Stockticker@117e949d')
27-Nov-2020 09:40:20.597 INFO [main] org.apache.catalina.core.ApplicationContext.log SessionListener: contextDestroyed()
27-Nov-2020 09:40:20.597 INFO [main] org.apache.catalina.core.ApplicationContext.log ContextListener: contextDestroyed()
27-Nov-2020 09:40:25.569 INFO [main] org.apache.catalina.core.ApplicationContext.log ContextListener: contextInitialized()
27-Nov-2020 09:40:25.569 INFO [main] org.apache.catalina.core.ApplicationContext.log SessionListener: contextInitialized()
27-Nov-2020 09:40:25.570 INFO [main] org.apache.catalina.core.ApplicationContext.log ContextListener: attributeAdded('StockTicker', 'async.Stockticker@117e949d')
27-Nov-2020 09:40:25.721 INFO [main] org.apache.catalina.core.ApplicationContext.log SessionListener: contextDestroyed()
27-Nov-2020 09:40:25.721 INFO [main] org.apache.catalina.core.ApplicationContext.log ContextListener: contextDestroyed()
